# JRE version: Java(TM) SE Runtime Environment (12.0.2+10) (build 12.0.2+10)
# Java VM: Java HotSpot(TM) 64-Bit Server VM (12.0.2+10, mixed mode, sharing, tiered, compressed oops, g1 gc, windows-amd64)
Heap:
 garbage-first heap   total 217088K, used 128268K [0x00000000c0000000, 0x0000000100000000)
  region size 1024K, 15 young (15360K), 6 survivors (6144K)
 Metaspace       used 35960K, capacity 38212K, committed 38480K, reserved 1083392K
  class space    used 3705K, capacity 4569K, committed 4608K, reserved 1048576K
GC Heap History (10 events):
Event: 61.099 GC heap before
{Heap before GC invocations=58 (full 0):
 garbage-first heap   total 165888K, used 131951K [0x00000000c0000000, 0x0000000100000000)
  region size 1024K, 38 young (38912K), 4 survivors (4096K)
 Metaspace       used 35958K, capacity 38148K, committed 38224K, reserved 1083392K
  class space    used 3705K, capacity 4569K, committed 4608K, reserved 1048576K
}
Event: 61.111 GC heap after
{Heap after GC invocations=59 (full 0):
 garbage-first heap   total 165888K, used 101547K [0x00000000c0000000, 0x0000000100000000)
  region size 1024K, 5 young (5120K), 5 survivors (5120K)
 Metaspace       used 35958K, capacity 38148K, committed 38224K, reserved 1083392K
  class space    used 3705K, capacity 4569K, committed 4608K, reserved 1048576K
}
Event: 62.021 GC heap before
{Heap before GC invocations=60 (full 0):
 garbage-first heap   total 184320K, used 134315K [0x00000000c0000000, 0x0000000100000000)
  region size 1024K, 37 young (37888K), 5 survivors (5120K)
 Metaspace       used 35958K, capacity 38148K, committed 38224K, reserved 1083392K
  class space    used 3705K, capacity 4569K, committed 4608K, reserved 1048576K
}
Event: 62.037 GC heap after
{Heap after GC invocations=61 (full 0):
 garbage-first heap   total 184320K, used 105433K [0x00000000c0000000, 0x0000000100000000)
  region size 1024K, 4 young (4096K), 4 survivors (4096K)
 Metaspace       used 35958K, capacity 38148K, committed 38224K, reserved 1083392K
  class space    used 3705K, capacity 4569K, committed 4608K, reserved 1048576K
}
Event: 62.287 GC heap before
{Heap before GC invocations=61 (full 0):
 garbage-first heap   total 184320K, used 138201K [0x00000000c0000000, 0x0000000100000000)
  region size 1024K, 37 young (37888K), 4 survivors (4096K)
 Metaspace       used 35958K, capacity 38148K, committed 38224K, reserved 1083392K
  class space    used 3705K, capacity 4569K, committed 4608K, reserved 1048576K
}
Event: 62.299 GC heap after
{Heap after GC invocations=62 (full 0):
 garbage-first heap   total 184320K, used 108505K [0x00000000c0000000, 0x0000000100000000)
  region size 1024K, 4 young (4096K), 4 survivors (4096K)
 Metaspace       used 35958K, capacity 38148K, committed 38224K, reserved 1083392K
  class space    used 3705K, capacity 4569K, committed 4608K, reserved 1048576K
}
Event: 63.746 GC heap before
{Heap before GC invocations=63 (full 0):
 garbage-first heap   total 191488K, used 151513K [0x00000000c0000000, 0x0000000100000000)
  region size 1024K, 42 young (43008K), 4 survivors (4096K)
 Metaspace       used 35960K, capacity 38212K, committed 38480K, reserved 1083392K
  class space    used 3705K, capacity 4569K, committed 4608K, reserved 1048576K
}
Event: 63.763 GC heap after
{Heap after GC invocations=64 (full 0):
 garbage-first heap   total 191488K, used 116618K [0x00000000c0000000, 0x0000000100000000)
  region size 1024K, 6 young (6144K), 6 survivors (6144K)
 Metaspace       used 35960K, capacity 38212K, committed 38480K, reserved 1083392K
  class space    used 3705K, capacity 4569K, committed 4608K, reserved 1048576K
}
Event: 64.116 GC heap before
{Heap before GC invocations=64 (full 0):
 garbage-first heap   total 191488K, used 158602K [0x00000000c0000000, 0x0000000100000000)
  region size 1024K, 47 young (48128K), 6 survivors (6144K)
 Metaspace       used 35960K, capacity 38212K, committed 38480K, reserved 1083392K
  class space    used 3705K, capacity 4569K, committed 4608K, reserved 1048576K
}
Event: 64.146 GC heap after
{Heap after GC invocations=65 (full 0):
 garbage-first heap   total 191488K, used 122124K [0x00000000c0000000, 0x0000000100000000)
  region size 1024K, 6 young (6144K), 6 survivors (6144K)
 Metaspace       used 35960K, capacity 38212K, committed 38480K, reserved 1083392K
  class space    used 3705K, capacity 4569K, committed 4608K, reserved 1048576K
}

